<?xml version="1.0" encoding="UTF-8"?>
<!-- Generated by org.testng.reporters.JUnitReportReporter -->
<testsuite hostname="ravi-Lenovo-G50-80" name="com.tcs.rbc.appium.poc.automation.testcases.AmazonTestCase" tests="1" failures="0" timestamp="25 Jan 2019 21:59:29 GMT" time="35.716" errors="0">
  <testcase name="sampeTest" time="35.716" classname="com.tcs.rbc.appium.poc.automation.testcases.AmazonTestCase"/>
</testsuite> <!-- com.tcs.rbc.appium.poc.automation.testcases.AmazonTestCase -->
